SonarCloud plugins:
  - SonarCSS 1.2.0.1325 (cssfamily)
  - SonarPLSQL 3.4.1.2576 (plsql)
  - SonarScala 1.7.0.883 (sonarscala)
  - C# Code Quality and Security 8.10.0.19839 (csharp)
  - Vulnerability Analysis 8.5.0-M1.3491 (security)
  - Java Code Quality and Security 6.6.0.22815 (java)
  - SonarHTML 3.2.0.2082 (web)
  - SonarFlex 2.5.1.1831 (flex)
  - SonarXML 2.0.1.2020 (xml)
  - VB.NET Code Quality and Security 8.10.0.19839 (vbnet)
  - SonarSwift 4.2.2.77 (swift)
  - CFamily Code Quality and Security 6.11.0.19130 (cpp)
  - Python Code Quality and Security 3.0.0.7330 (python)
  - JaCoCo 1.1.0.898 (jacoco)
  - Mercurial 1.1.2 (scmmercurial)
  - SonarGo 1.7.0.883 (go)
  - SonarKotlin 1.7.0.883 (kotlin)
  - SonarTSQL 1.4.0.3334 (tsql)
  - SonarApex 1.7.0.883 (sonarapex)
  - JavaScript/TypeScript Code Quality and Security 6.3.0.12464 (javascript)
  - SonarRuby 1.7.0.883 (ruby)
  - Vulnerability Rules for C# 8.5.0-M1.3491 (securitycsharpfrontend)
  - Vulnerability Rules for Java 8.5.0-M1.3491 (securityjavafrontend)
  - License for SonarLint 8.0.0.10334 (license)
  - COBOL Code Quality 4.5.1.4460 (cobol)
  - Vulnerability Rules for Python 8.5.0-M1.3491 (securitypythonfrontend)
  - Git 1.12.0.2034 (scmgit)
  - PHP Code Quality and Security 3.7.0.5943 (php)
  - SonarABAP 3.8.0.2034 (abap)
  - Vulnerability Rules for PHP 8.5.0-M1.3491 (securityphpfrontend)
Global server settings:
  - email.from=noreply@sonarcloud.io
  - email.fromName=SonarCloud
  - email.prefix=[SonarCloud]
  - sonar.auth.bitbucket.enabled=true
  - sonar.auth.microsoft.enabled=true
  - sonar.core.id=1BD809FA-AWHW8ct9-T_TB3XqouNu
  - sonar.core.serverBaseURL=https://sonarcloud.io
  - sonar.core.startTime=2020-08-03T10:45:23+0200
  - sonar.dbcleaner.weeksBeforeDeletingAllSnapshots=480
  - sonar.dbcleaner.weeksBeforeKeepingOnlyOneSnapshotByMonth=4
  - sonar.dbcleaner.weeksBeforeKeepingOnlyOneSnapshotByWeek=1
  - sonar.feature_flag.bbc_code_reports.enabled=true
  - sonar.leak.period=30
  - sonar.lf.enableGravatar=true
  - sonar.lf.logoWidthPx=105
  - sonar.organizations.anyoneCanCreate=true
  - sonar.organizations.createPersonalOrg=true
  - sonar.plsql.file.suffixes=sql,tab,pkb
  - sonar.tsql.file.suffixes=.tsql
Project server settings:
Project scanner properties:
  - sonar.SONAR_TOKEN=2e74398f2757da0d08e379b8cc9610bf139399ff
  - sonar.host.url=https://sonarcloud.io
  - sonar.organization=vasu-tamrakar
  - sonar.php.coverage.reportPath=report/log/clover.xml
  - sonar.projectBaseDir=C:\xampp\htdocs\mycode2
  - sonar.projectKey=mycode2
  - sonar.scanner.app=ScannerCLI
  - sonar.scanner.appVersion=4.4.0.2170
  - sonar.sourceEncoding=windows-1252
  - sonar.sources=.
  - sonar.verbose=true
  - sonar.working.directory=C:\xampp\htdocs\mycode2\.scannerwork
